# JRE version: Java(TM) SE Runtime Environment (8.0_121-b13) (build 1.8.0_121-b13)
# Java VM: Java HotSpot(TM) 64-Bit Server VM (25.121-b13 mixed mode windows-amd64 compressed oops)
Heap:
 PSYoungGen      total 76288K, used 54020K [0x00000000f5580000, 0x00000000fbf00000, 0x0000000100000000)
  eden space 56832K, 67% used [0x00000000f5580000,0x00000000f7aeb9f0,0x00000000f8d00000)
  from space 19456K, 80% used [0x00000000f8d00000,0x00000000f9c55970,0x00000000fa000000)
  to   space 19968K, 0% used [0x00000000fab80000,0x00000000fab80000,0x00000000fbf00000)
 ParOldGen       total 175104K, used 30102K [0x00000000e0000000, 0x00000000eab00000, 0x00000000f5580000)
  object space 175104K, 17% used [0x00000000e0000000,0x00000000e1d65bf8,0x00000000eab00000)
 Metaspace       used 25942K, capacity 26668K, committed 26800K, reserved 1073152K
  class space    used 3025K, capacity 3197K, committed 3248K, reserved 1048576K
GC Heap History (10 events):
Event: 3.612 GC heap before
{Heap before GC invocations=6 (full 0):
 PSYoungGen      total 76288K, used 76272K [0x00000000f5580000, 0x00000000faa80000, 0x0000000100000000)
  eden space 65536K, 100% used [0x00000000f5580000,0x00000000f9580000,0x00000000f9580000)
  from space 10752K, 99% used [0x00000000f9580000,0x00000000f9ffc030,0x00000000fa000000)
  to   space 10752K, 0% used [0x00000000fa000000,0x00000000fa000000,0x00000000faa80000)
 ParOldGen       total 175104K, used 5000K [0x00000000e0000000, 0x00000000eab00000, 0x00000000f5580000)
  object space 175104K, 2% used [0x00000000e0000000,0x00000000e04e2000,0x00000000eab00000)
 Metaspace       used 17116K, capacity 17488K, committed 17792K, reserved 1064960K
  class space    used 1943K, capacity 2049K, committed 2176K, reserved 1048576K
Event: 3.627 GC heap after
Heap after GC invocations=6 (full 0):
 PSYoungGen      total 76288K, used 10736K [0x00000000f5580000, 0x00000000faa80000, 0x0000000100000000)
  eden space 65536K, 0% used [0x00000000f5580000,0x00000000f5580000,0x00000000f9580000)
  from space 10752K, 99% used [0x00000000fa000000,0x00000000faa7c030,0x00000000faa80000)
  to   space 10752K, 0% used [0x00000000f9580000,0x00000000f9580000,0x00000000fa000000)
 ParOldGen       total 175104K, used 8752K [0x00000000e0000000, 0x00000000eab00000, 0x00000000f5580000)
  object space 175104K, 4% used [0x00000000e0000000,0x00000000e088c1a0,0x00000000eab00000)
 Metaspace       used 17116K, capacity 17488K, committed 17792K, reserved 1064960K
  class space    used 1943K, capacity 2049K, committed 2176K, reserved 1048576K
}
Event: 4.248 GC heap before
{Heap before GC invocations=7 (full 0):
 PSYoungGen      total 76288K, used 61838K [0x00000000f5580000, 0x00000000faa80000, 0x0000000100000000)
  eden space 65536K, 77% used [0x00000000f5580000,0x00000000f87679c0,0x00000000f9580000)
  from space 10752K, 99% used [0x00000000fa000000,0x00000000faa7c030,0x00000000faa80000)
  to   space 10752K, 0% used [0x00000000f9580000,0x00000000f9580000,0x00000000fa000000)
 ParOldGen       total 175104K, used 8752K [0x00000000e0000000, 0x00000000eab00000, 0x00000000f5580000)
  object space 175104K, 4% used [0x00000000e0000000,0x00000000e088c1a0,0x00000000eab00000)
 Metaspace       used 20765K, capacity 21196K, committed 21296K, reserved 1069056K
  class space    used 2447K, capacity 2585K, committed 2608K, reserved 1048576K
Event: 4.264 GC heap after
Heap after GC invocations=7 (full 0):
 PSYoungGen      total 76288K, used 8740K [0x00000000f5580000, 0x00000000faa80000, 0x0000000100000000)
  eden space 65536K, 0% used [0x00000000f5580000,0x00000000f5580000,0x00000000f9580000)
  from space 10752K, 81% used [0x00000000f9580000,0x00000000f9e091b0,0x00000000fa000000)
  to   space 10752K, 0% used [0x00000000fa000000,0x00000000fa000000,0x00000000faa80000)
 ParOldGen       total 175104K, used 14304K [0x00000000e0000000, 0x00000000eab00000, 0x00000000f5580000)
  object space 175104K, 8% used [0x00000000e0000000,0x00000000e0df8210,0x00000000eab00000)
 Metaspace       used 20765K, capacity 21196K, committed 21296K, reserved 1069056K
  class space    used 2447K, capacity 2585K, committed 2608K, reserved 1048576K
}
Event: 4.264 GC heap before
{Heap before GC invocations=8 (full 1):
 PSYoungGen      total 76288K, used 8740K [0x00000000f5580000, 0x00000000faa80000, 0x0000000100000000)
  eden space 65536K, 0% used [0x00000000f5580000,0x00000000f5580000,0x00000000f9580000)
  from space 10752K, 81% used [0x00000000f9580000,0x00000000f9e091b0,0x00000000fa000000)
  to   space 10752K, 0% used [0x00000000fa000000,0x00000000fa000000,0x00000000faa80000)
 ParOldGen       total 175104K, used 14304K [0x00000000e0000000, 0x00000000eab00000, 0x00000000f5580000)
  object space 175104K, 8% used [0x00000000e0000000,0x00000000e0df8210,0x00000000eab00000)
 Metaspace       used 20765K, capacity 21196K, committed 21296K, reserved 1069056K
  class space    used 2447K, capacity 2585K, committed 2608K, reserved 1048576K
Event: 4.449 GC heap after
Heap after GC invocations=8 (full 1):
 PSYoungGen      total 76288K, used 0K [0x00000000f5580000, 0x00000000faa80000, 0x0000000100000000)
  eden space 65536K, 0% used [0x00000000f5580000,0x00000000f5580000,0x00000000f9580000)
  from space 10752K, 0% used [0x00000000f9580000,0x00000000f9580000,0x00000000fa000000)
  to   space 10752K, 0% used [0x00000000fa000000,0x00000000fa000000,0x00000000faa80000)
 ParOldGen       total 175104K, used 21531K [0x00000000e0000000, 0x00000000eab00000, 0x00000000f5580000)
  object space 175104K, 12% used [0x00000000e0000000,0x00000000e1506c28,0x00000000eab00000)
 Metaspace       used 20765K, capacity 21196K, committed 21296K, reserved 1069056K
  class space    used 2447K, capacity 2585K, committed 2608K, reserved 1048576K
}
Event: 5.490 GC heap before
{Heap before GC invocations=9 (full 1):
 PSYoungGen      total 76288K, used 65536K [0x00000000f5580000, 0x00000000faa80000, 0x0000000100000000)
  eden space 65536K, 100% used [0x00000000f5580000,0x00000000f9580000,0x00000000f9580000)
  from space 10752K, 0% used [0x00000000f9580000,0x00000000f9580000,0x00000000fa000000)
  to   space 10752K, 0% used [0x00000000fa000000,0x00000000fa000000,0x00000000faa80000)
 ParOldGen       total 175104K, used 21531K [0x00000000e0000000, 0x00000000eab00000, 0x00000000f5580000)
  object space 175104K, 12% used [0x00000000e0000000,0x00000000e1506c28,0x00000000eab00000)
 Metaspace       used 23184K, capacity 23706K, committed 23856K, reserved 1071104K
  class space    used 2706K, capacity 2843K, committed 2864K, reserved 1048576K
Event: 5.506 GC heap after
Heap after GC invocations=9 (full 1):
 PSYoungGen      total 67584K, used 10742K [0x00000000f5580000, 0x00000000fd180000, 0x0000000100000000)
  eden space 56832K, 0% used [0x00000000f5580000,0x00000000f5580000,0x00000000f8d00000)
  from space 10752K, 99% used [0x00000000fa000000,0x00000000faa7d9b8,0x00000000faa80000)
  to   space 19456K, 0% used [0x00000000f8d00000,0x00000000f8d00000,0x00000000fa000000)
 ParOldGen       total 175104K, used 30094K [0x00000000e0000000, 0x00000000eab00000, 0x00000000f5580000)
  object space 175104K, 17% used [0x00000000e0000000,0x00000000e1d63bf8,0x00000000eab00000)
 Metaspace       used 23184K, capacity 23706K, committed 23856K, reserved 1071104K
  class space    used 2706K, capacity 2843K, committed 2864K, reserved 1048576K
}
Event: 6.539 GC heap before
{Heap before GC invocations=10 (full 1):
 PSYoungGen      total 67584K, used 67574K [0x00000000f5580000, 0x00000000fd180000, 0x0000000100000000)
  eden space 56832K, 100% used [0x00000000f5580000,0x00000000f8d00000,0x00000000f8d00000)
  from space 10752K, 99% used [0x00000000fa000000,0x00000000faa7d9b8,0x00000000faa80000)
  to   space 19456K, 0% used [0x00000000f8d00000,0x00000000f8d00000,0x00000000fa000000)
 ParOldGen       total 175104K, used 30094K [0x00000000e0000000, 0x00000000eab00000, 0x00000000f5580000)
  object space 175104K, 17% used [0x00000000e0000000,0x00000000e1d63bf8,0x00000000eab00000)
 Metaspace       used 24493K, capacity 25104K, committed 25392K, reserved 1071104K
  class space    used 2871K, capacity 3024K, committed 3120K, reserved 1048576K
Event: 6.552 GC heap after
Heap after GC invocations=10 (full 1):
 PSYoungGen      total 76288K, used 15702K [0x00000000f5580000, 0x00000000fbf00000, 0x0000000100000000)
  eden space 56832K, 0% used [0x00000000f5580000,0x00000000f5580000,0x00000000f8d00000)
  from space 19456K, 80% used [0x00000000f8d00000,0x00000000f9c55970,0x00000000fa000000)
  to   space 19968K, 0% used [0x00000000fab80000,0x00000000fab80000,0x00000000fbf00000)
 ParOldGen       total 175104K, used 30102K [0x00000000e0000000, 0x00000000eab00000, 0x00000000f5580000)
  object space 175104K, 17% used [0x00000000e0000000,0x00000000e1d65bf8,0x00000000eab00000)
 Metaspace       used 24493K, capacity 25104K, committed 25392K, reserved 1071104K
  class space    used 2871K, capacity 3024K, committed 3120K, reserved 1048576K
}

