# JRE version: Java(TM) SE Runtime Environment (8.0_121-b13) (build 1.8.0_121-b13)
# Java VM: Java HotSpot(TM) 64-Bit Server VM (25.121-b13 mixed mode windows-amd64 compressed oops)
Heap:
 PSYoungGen      total 156672K, used 26204K [0x00000000f5580000, 0x0000000100000000, 0x0000000100000000)
  eden space 138752K, 5% used [0x00000000f5580000,0x00000000f5d9cda0,0x00000000fdd00000)
  from space 17920K, 99% used [0x00000000fdd00000,0x00000000fee7a290,0x00000000fee80000)
  to   space 17920K, 0% used [0x00000000fee80000,0x00000000fee80000,0x0000000100000000)
 ParOldGen       total 175104K, used 29126K [0x00000000e0000000, 0x00000000eab00000, 0x00000000f5580000)
  object space 175104K, 16% used [0x00000000e0000000,0x00000000e1c718b8,0x00000000eab00000)
 Metaspace       used 25411K, capacity 26070K, committed 26288K, reserved 1073152K
  class space    used 2946K, capacity 3124K, committed 3248K, reserved 1048576K
GC Heap History (10 events):
Event: 4.148 GC heap before
{Heap before GC invocations=4 (full 0):
 PSYoungGen      total 76288K, used 75088K [0x00000000f5580000, 0x00000000fea80000, 0x0000000100000000)
  eden space 65536K, 100% used [0x00000000f5580000,0x00000000f9580000,0x00000000f9580000)
  from space 10752K, 88% used [0x00000000f9580000,0x00000000f9ed4050,0x00000000fa000000)
  to   space 10752K, 0% used [0x00000000fe000000,0x00000000fe000000,0x00000000fea80000)
 ParOldGen       total 175104K, used 32K [0x00000000e0000000, 0x00000000eab00000, 0x00000000f5580000)
  object space 175104K, 0% used [0x00000000e0000000,0x00000000e0008000,0x00000000eab00000)
 Metaspace       used 16756K, capacity 17062K, committed 17408K, reserved 1064960K
  class space    used 1924K, capacity 2014K, committed 2048K, reserved 1048576K
Event: 4.164 GC heap after
Heap after GC invocations=4 (full 0):
 PSYoungGen      total 141824K, used 10720K [0x00000000f5580000, 0x00000000fea80000, 0x0000000100000000)
  eden space 131072K, 0% used [0x00000000f5580000,0x00000000f5580000,0x00000000fd580000)
  from space 10752K, 99% used [0x00000000fe000000,0x00000000fea78020,0x00000000fea80000)
  to   space 10752K, 0% used [0x00000000fd580000,0x00000000fd580000,0x00000000fe000000)
 ParOldGen       total 175104K, used 2008K [0x00000000e0000000, 0x00000000eab00000, 0x00000000f5580000)
  object space 175104K, 1% used [0x00000000e0000000,0x00000000e01f6000,0x00000000eab00000)
 Metaspace       used 16756K, capacity 17062K, committed 17408K, reserved 1064960K
  class space    used 1924K, capacity 2014K, committed 2048K, reserved 1048576K
}
Event: 5.721 GC heap before
{Heap before GC invocations=5 (full 0):
 PSYoungGen      total 141824K, used 141792K [0x00000000f5580000, 0x00000000fea80000, 0x0000000100000000)
  eden space 131072K, 100% used [0x00000000f5580000,0x00000000fd580000,0x00000000fd580000)
  from space 10752K, 99% used [0x00000000fe000000,0x00000000fea78020,0x00000000fea80000)
  to   space 10752K, 0% used [0x00000000fd580000,0x00000000fd580000,0x00000000fe000000)
 ParOldGen       total 175104K, used 2008K [0x00000000e0000000, 0x00000000eab00000, 0x00000000f5580000)
  object space 175104K, 1% used [0x00000000e0000000,0x00000000e01f6000,0x00000000eab00000)
 Metaspace       used 17131K, capacity 17496K, committed 17792K, reserved 1064960K
  class space    used 1942K, capacity 2049K, committed 2176K, reserved 1048576K
Event: 5.740 GC heap after
Heap after GC invocations=5 (full 0):
 PSYoungGen      total 141824K, used 10736K [0x00000000f5580000, 0x0000000100000000, 0x0000000100000000)
  eden space 131072K, 0% used [0x00000000f5580000,0x00000000f5580000,0x00000000fd580000)
  from space 10752K, 99% used [0x00000000fd580000,0x00000000fdffc050,0x00000000fe000000)
  to   space 17408K, 0% used [0x00000000fef00000,0x00000000fef00000,0x0000000100000000)
 ParOldGen       total 175104K, used 8904K [0x00000000e0000000, 0x00000000eab00000, 0x00000000f5580000)
  object space 175104K, 5% used [0x00000000e0000000,0x00000000e08b21a0,0x00000000eab00000)
 Metaspace       used 17131K, capacity 17496K, committed 17792K, reserved 1064960K
  class space    used 1942K, capacity 2049K, committed 2176K, reserved 1048576K
}
Event: 6.660 GC heap before
{Heap before GC invocations=6 (full 0):
 PSYoungGen      total 141824K, used 57705K [0x00000000f5580000, 0x0000000100000000, 0x0000000100000000)
  eden space 131072K, 35% used [0x00000000f5580000,0x00000000f835e7a0,0x00000000fd580000)
  from space 10752K, 99% used [0x00000000fd580000,0x00000000fdffc050,0x00000000fe000000)
  to   space 17408K, 0% used [0x00000000fef00000,0x00000000fef00000,0x0000000100000000)
 ParOldGen       total 175104K, used 8904K [0x00000000e0000000, 0x00000000eab00000, 0x00000000f5580000)
  object space 175104K, 5% used [0x00000000e0000000,0x00000000e08b21a0,0x00000000eab00000)
 Metaspace       used 20736K, capacity 21204K, committed 21296K, reserved 1069056K
  class space    used 2443K, capacity 2585K, committed 2608K, reserved 1048576K
Event: 6.676 GC heap after
Heap after GC invocations=6 (full 0):
 PSYoungGen      total 156160K, used 14074K [0x00000000f5580000, 0x0000000100000000, 0x0000000100000000)
  eden space 138752K, 0% used [0x00000000f5580000,0x00000000f5580000,0x00000000fdd00000)
  from space 17408K, 80% used [0x00000000fef00000,0x00000000ffcbe850,0x0000000100000000)
  to   space 17920K, 0% used [0x00000000fdd00000,0x00000000fdd00000,0x00000000fee80000)
 ParOldGen       total 175104K, used 8912K [0x00000000e0000000, 0x00000000eab00000, 0x00000000f5580000)
  object space 175104K, 5% used [0x00000000e0000000,0x00000000e08b41a0,0x00000000eab00000)
 Metaspace       used 20736K, capacity 21204K, committed 21296K, reserved 1069056K
  class space    used 2443K, capacity 2585K, committed 2608K, reserved 1048576K
}
Event: 6.676 GC heap before
{Heap before GC invocations=7 (full 1):
 PSYoungGen      total 156160K, used 14074K [0x00000000f5580000, 0x0000000100000000, 0x0000000100000000)
  eden space 138752K, 0% used [0x00000000f5580000,0x00000000f5580000,0x00000000fdd00000)
  from space 17408K, 80% used [0x00000000fef00000,0x00000000ffcbe850,0x0000000100000000)
  to   space 17920K, 0% used [0x00000000fdd00000,0x00000000fdd00000,0x00000000fee80000)
 ParOldGen       total 175104K, used 8912K [0x00000000e0000000, 0x00000000eab00000, 0x00000000f5580000)
  object space 175104K, 5% used [0x00000000e0000000,0x00000000e08b41a0,0x00000000eab00000)
 Metaspace       used 20736K, capacity 21204K, committed 21296K, reserved 1069056K
  class space    used 2443K, capacity 2585K, committed 2608K, reserved 1048576K
Event: 6.873 GC heap after
Heap after GC invocations=7 (full 1):
 PSYoungGen      total 156160K, used 0K [0x00000000f5580000, 0x0000000100000000, 0x0000000100000000)
  eden space 138752K, 0% used [0x00000000f5580000,0x00000000f5580000,0x00000000fdd00000)
  from space 17408K, 0% used [0x00000000fef00000,0x00000000fef00000,0x0000000100000000)
  to   space 17920K, 0% used [0x00000000fdd00000,0x00000000fdd00000,0x00000000fee80000)
 ParOldGen       total 175104K, used 21525K [0x00000000e0000000, 0x00000000eab00000, 0x00000000f5580000)
  object space 175104K, 12% used [0x00000000e0000000,0x00000000e1505678,0x00000000eab00000)
 Metaspace       used 20736K, capacity 21204K, committed 21296K, reserved 1069056K
  class space    used 2443K, capacity 2585K, committed 2608K, reserved 1048576K
}
Event: 9.680 GC heap before
{Heap before GC invocations=8 (full 1):
 PSYoungGen      total 156160K, used 138752K [0x00000000f5580000, 0x0000000100000000, 0x0000000100000000)
  eden space 138752K, 100% used [0x00000000f5580000,0x00000000fdd00000,0x00000000fdd00000)
  from space 17408K, 0% used [0x00000000fef00000,0x00000000fef00000,0x0000000100000000)
  to   space 17920K, 0% used [0x00000000fdd00000,0x00000000fdd00000,0x00000000fee80000)
 ParOldGen       total 175104K, used 21525K [0x00000000e0000000, 0x00000000eab00000, 0x00000000f5580000)
  object space 175104K, 12% used [0x00000000e0000000,0x00000000e1505678,0x00000000eab00000)
 Metaspace       used 25402K, capacity 26070K, committed 26288K, reserved 1073152K
  class space    used 2945K, capacity 3124K, committed 3248K, reserved 1048576K
Event: 9.708 GC heap after
Heap after GC invocations=8 (full 1):
 PSYoungGen      total 156672K, used 17896K [0x00000000f5580000, 0x0000000100000000, 0x0000000100000000)
  eden space 138752K, 0% used [0x00000000f5580000,0x00000000f5580000,0x00000000fdd00000)
  from space 17920K, 99% used [0x00000000fdd00000,0x00000000fee7a290,0x00000000fee80000)
  to   space 17920K, 0% used [0x00000000fee80000,0x00000000fee80000,0x0000000100000000)
 ParOldGen       total 175104K, used 29126K [0x00000000e0000000, 0x00000000eab00000, 0x00000000f5580000)
  object space 175104K, 16% used [0x00000000e0000000,0x00000000e1c718b8,0x00000000eab00000)
 Metaspace       used 25402K, capacity 26070K, committed 26288K, reserved 1073152K
  class space    used 2945K, capacity 3124K, committed 3248K, reserved 1048576K
}

